Log file open, 04/05/20 16:22:45
LogWindows: Failed to load 'aqProf.dll' (GetLastError=126)
LogWindows: File 'aqProf.dll' does not exist
LogWindows: Failed to load 'VtuneApi.dll' (GetLastError=126)
LogWindows: File 'VtuneApi.dll' does not exist
LogWindows: Failed to load 'VtuneApi32e.dll' (GetLastError=126)
LogWindows: File 'VtuneApi32e.dll' does not exist
LogConsoleResponse: Display: Failed to find resolution value strings in scalability ini. Falling back to default.
LogInit: Display: Running engine for game: Love_Bomb
LogPlatformFile: Not using cached read wrapper
LogTaskGraph: Started task graph with 5 named threads and 23 total threads with 3 sets of task threads.
LogStats: Stats thread started at 1.211444
LogD3D11RHI: Loaded GFSDK_Aftermath_Lib.x64.dll
LogICUInternationalization: ICU TimeZone Detection - Raw Offset: +7:00, Platform Override: ''
LogPluginManager: Mounting plugin Paper2D
LogPluginManager: Mounting plugin AISupport
LogPluginManager: Mounting plugin LightPropagationVolume
LogPluginManager: Mounting plugin ActorLayerUtilities
LogPluginManager: Mounting plugin AnimationSharing
LogPluginManager: Mounting plugin CLionSourceCodeAccess
LogPluginManager: Mounting plugin CodeLiteSourceCodeAccess
LogPluginManager: Mounting plugin GitSourceControl
LogPluginManager: Mounting plugin KDevelopSourceCodeAccess
LogPluginManager: Mounting plugin NullSourceCodeAccess
LogPluginManager: Mounting plugin PerforceSourceControl
LogPluginManager: Mounting plugin PlasticSourceControl
LogPluginManager: Mounting plugin SubversionSourceControl
LogPluginManager: Mounting plugin UObjectPlugin
LogPluginManager: Mounting plugin VisualStudioCodeSourceCodeAccess
LogPluginManager: Mounting plugin VisualStudioSourceCodeAccess
LogPluginManager: Mounting plugin XCodeSourceCodeAccess
LogPluginManager: Mounting plugin AssetManagerEditor
LogPluginManager: Mounting plugin CryptoKeys
LogPluginManager: Mounting plugin CurveEditorTools
LogPluginManager: Mounting plugin DataValidation
LogPluginManager: Mounting plugin FacialAnimation
LogPluginManager: Mounting plugin GameplayTagsEditor
LogPluginManager: Mounting plugin MacGraphicsSwitching
LogPluginManager: Mounting plugin MaterialAnalyzer
LogPluginManager: Mounting plugin MobileLauncherProfileWizard
LogPluginManager: Mounting plugin PluginBrowser
LogPluginManager: Mounting plugin SpeedTreeImporter
LogPluginManager: Mounting plugin DatasmithContent
LogPluginManager: Mounting plugin VariantManagerContent
LogPluginManager: Mounting plugin AlembicImporter
LogPluginManager: Mounting plugin AutomationUtils
LogPluginManager: Mounting plugin BackChannel
LogPluginManager: Mounting plugin CharacterAI
LogPluginManager: Mounting plugin GeometryCache
LogPluginManager: Mounting plugin PlatformCrypto
LogPluginManager: Mounting plugin ProxyLODPlugin
LogPluginManager: Mounting plugin SkeletalReduction
LogPluginManager: Mounting plugin MagicLeap
LogPluginManager: Mounting plugin MagicLeapMedia
LogPluginManager: Mounting plugin MLSDK
LogPluginManager: Mounting plugin AndroidMedia
LogPluginManager: Mounting plugin AvfMedia
LogPluginManager: Mounting plugin ImgMedia
LogPluginManager: Mounting plugin MediaCompositing
LogPluginManager: Mounting plugin MediaPlayerEditor
LogPluginManager: Mounting plugin WebMMedia
LogPluginManager: Mounting plugin WmfMedia
LogPluginManager: Mounting plugin TcpMessaging
LogPluginManager: Mounting plugin UdpMessaging
LogPluginManager: Mounting plugin ActorSequence
LogPluginManager: Mounting plugin LevelSequenceEditor
LogPluginManager: Mounting plugin MatineeToLevelSequence
LogPluginManager: Mounting plugin NetcodeUnitTest
LogPluginManager: Mounting plugin NUTUnrealEngine4
LogPluginManager: Mounting plugin OnlineSubsystemGooglePlay
LogPluginManager: Mounting plugin OnlineSubsystemIOS
LogPluginManager: Mounting plugin OnlineSubsystem
LogPluginManager: Mounting plugin OnlineSubsystemNull
LogPluginManager: Mounting plugin OnlineSubsystemUtils
LogPluginManager: Mounting plugin LauncherChunkInstaller
LogPluginManager: Mounting plugin AndroidDeviceProfileSelector
LogPluginManager: Mounting plugin AndroidMoviePlayer
LogPluginManager: Mounting plugin AndroidPermission
LogPluginManager: Mounting plugin AppleImageUtils
LogPluginManager: Mounting plugin AppleMoviePlayer
LogPluginManager: Mounting plugin ArchVisCharacter
LogPluginManager: Mounting plugin AssetTags
LogPluginManager: Mounting plugin AudioCapture
LogPluginManager: Mounting plugin CableComponent
LogPluginManager: Mounting plugin CustomMeshComponent
LogPluginManager: Mounting plugin EditableMesh
LogPluginManager: Mounting plugin ExampleDeviceProfileSelector
LogPluginManager: Mounting plugin GoogleCloudMessaging
LogPluginManager: Mounting plugin IOSDeviceProfileSelector
LogPluginManager: Mounting plugin LinuxDeviceProfileSelector
LogPluginManager: Mounting plugin LocationServicesBPLibrary
LogPluginManager: Mounting plugin MobilePatchingUtils
LogPluginManager: Mounting plugin OculusVR
LogPluginManager: Mounting plugin PhysXVehicles
LogPluginManager: Mounting plugin PostSplashScreen
LogPluginManager: Mounting plugin ProceduralMeshComponent
LogPluginManager: Mounting plugin RuntimePhysXCooking
LogPluginManager: Mounting plugin SignificanceManager
LogPluginManager: Mounting plugin SteamVR
LogPluginManager: Mounting plugin WebMMoviePlayer
LogPluginManager: Mounting plugin WindowsMoviePlayer
LogPluginManager: Mounting plugin ScreenshotTools
LogInit: Using libcurl 7.55.1-DEV
LogInit:  - built for x86_64-pc-win32
LogInit:  - supports SSL with OpenSSL/1.1.1
LogInit:  - supports HTTP deflate (compression) using libz 1.2.8
LogInit:  - other features:
LogInit:      CURL_VERSION_SSL
LogInit:      CURL_VERSION_LIBZ
LogInit:      CURL_VERSION_IPV6
LogInit:      CURL_VERSION_ASYNCHDNS
LogInit:      CURL_VERSION_LARGEFILE
LogInit:      CURL_VERSION_IDN
LogInit:  CurlRequestOptions (configurable via config and command line):
LogInit:  - bVerifyPeer = true  - Libcurl will verify peer certificate
LogInit:  - bUseHttpProxy = false  - Libcurl will NOT use HTTP proxy
LogInit:  - bDontReuseConnections = false  - Libcurl will reuse connections
LogInit:  - MaxHostConnections = 16  - Libcurl will limit the number of connections to a host
LogInit:  - LocalHostAddr = Default
LogInit:  - BufferSize = 65536
LogOnline: OSS: Creating online subsystem instance for: NULL
LogInit: WinSock: version 1.1 (2.2), MaxSocks=32767, MaxUdp=65467
LogOnline: OSS: TryLoadSubsystemAndSetDefault: Loaded subsystem for module [NULL]
LogInit: Build: ++UE4+Release-4.24-CL-11590370
LogInit: Engine Version: 4.24.3-11590370+++UE4+Release-4.24
LogInit: Compatible Engine Version: 4.24.0-10570792+++UE4+Release-4.24
LogInit: Net CL: 10570792
LogInit: OS: Windows 10 (Release 1909) (), CPU: Intel(R) Core(TM) i5-8265U CPU @ 1.60GHz, GPU: Intel(R) UHD Graphics 620
LogInit: Compiled (64-bit): Feb 24 2020 15:39:18
LogInit: Compiled with Visual C++: 19.16.27032.01
LogInit: Build Configuration: Development
LogInit: Branch Name: ++UE4+Release-4.24
LogInit: Command Line: 
LogInit: Base Directory: D:/Epic Games/UE_4.24/Engine/Binaries/Win64/
LogInit: Installed Engine Build: 1
LogDevObjectVersion: Number of dev versions registered: 25
LogDevObjectVersion:   Dev-Blueprints (B0D832E4-1F89-4F0D-ACCF-7EB736FD4AA2): 10
LogDevObjectVersion:   Dev-Build (E1C64328-A22C-4D53-A36C-8E866417BD8C): 0
LogDevObjectVersion:   Dev-Core (375EC13C-06E4-48FB-B500-84F0262A717E): 3
LogDevObjectVersion:   Dev-Editor (E4B068ED-F494-42E9-A231-DA0B2E46BB41): 37
LogDevObjectVersion:   Dev-Framework (CFFC743F-43B0-4480-9391-14DF171D2073): 36
LogDevObjectVersion:   Dev-Mobile (B02B49B5-BB20-44E9-A304-32B752E40360): 2
LogDevObjectVersion:   Dev-Networking (A4E4105C-59A1-49B5-A7C5-40C4547EDFEE): 0
LogDevObjectVersion:   Dev-Online (39C831C9-5AE6-47DC-9A44-9C173E1C8E7C): 0
LogDevObjectVersion:   Dev-Physics (78F01B33-EBEA-4F98-B9B4-84EACCB95AA2): 2
LogDevObjectVersion:   Dev-Platform (6631380F-2D4D-43E0-8009-CF276956A95A): 0
LogDevObjectVersion:   Dev-Rendering (12F88B9F-8875-4AFC-A67C-D90C383ABD29): 36
LogDevObjectVersion:   Dev-Sequencer (7B5AE74C-D270-4C10-A958-57980B212A5A): 11
LogDevObjectVersion:   Dev-VR (D7296918-1DD6-4BDD-9DE2-64A83CC13884): 2
LogDevObjectVersion:   Dev-LoadTimes (C2A15278-BFE7-4AFE-6C17-90FF531DF755): 1
LogDevObjectVersion:   Private-Geometry (6EACA3D4-40EC-4CC1-B786-8BED09428FC5): 3
LogDevObjectVersion:   Dev-AnimPhys (29E575DD-E0A3-4627-9D10-D276232CDCEA): 17
LogDevObjectVersion:   Dev-Anim (AF43A65D-7FD3-4947-9873-3E8ED9C1BB05): 2
LogDevObjectVersion:   Dev-ReflectionCapture (6B266CEC-1EC7-4B8F-A30B-E4D90942FC07): 1
LogDevObjectVersion:   Dev-Automation (0DF73D61-A23F-47EA-B727-89E90C41499A): 1
LogDevObjectVersion:   FortniteMain (601D1886-AC64-4F84-AA16-D3DE0DEAC7D6): 31
LogDevObjectVersion:   Dev-Enterprise (9DFFBCD6-494F-0158-E221-12823C92A888): 8
LogDevObjectVersion:   Dev-Niagara (F2AED0AC-9AFE-416F-8664-AA7FFA26D6FC): 1
LogDevObjectVersion:   Dev-Destruction (174F1F0B-B4C6-45A5-B13F-2EE8D0FB917D): 9
LogDevObjectVersion:   Dev-Physics-Ext (35F94A83-E258-406C-A318-09F59610247C): 8
LogDevObjectVersion:   Dev-CineCamera (B2E18506-4273-CFC2-A54E-F4BB758BBA07): 1
LogInit: Presizing for max 25165824 objects, including 0 objects not considered by GC, pre-allocating 0 bytes for permanent pool.
LogInit: Object subsystem initialized
LogConfig: Setting CVar [[con.DebugEarlyDefault:1]]
LogConfig: Setting CVar [[r.setres:1280x720]]
[2020.04.05-09.22.47:293][  0]LogConfig: Setting CVar [[r.VSync:0]]
[2020.04.05-09.22.47:293][  0]LogConfig: Setting CVar [[r.RHICmdBypass:0]]
[2020.04.05-09.22.47:293][  0]LogConfig: Applying CVar settings from Section [/Script/Engine.RendererSettings] File [D:/Test/Love_Bomb/Saved/Config/Windows/Engine.ini]
[2020.04.05-09.22.47:293][  0]LogConfig: Setting CVar [[r.GPUCrashDebugging:0]]
[2020.04.05-09.22.47:293][  0]LogConfig: Applying CVar settings from Section [/Script/Engine.RendererOverrideSettings] File [D:/Test/Love_Bomb/Saved/Config/Windows/Engine.ini]
[2020.04.05-09.22.47:293][  0]LogConfig: Applying CVar settings from Section [/Script/Engine.StreamingSettings] File [D:/Test/Love_Bomb/Saved/Config/Windows/Engine.ini]
[2020.04.05-09.22.47:293][  0]LogConfig: Setting CVar [[s.MinBulkDataSizeForAsyncLoading:131072]]
[2020.04.05-09.22.47:293][  0]LogConfig: Setting CVar [[s.AsyncLoadingThreadEnabled:0]]
[2020.04.05-09.22.47:293][  0]LogConfig: Setting CVar [[s.EventDrivenLoaderEnabled:1]]
[2020.04.05-09.22.47:293][  0]LogConfig: Setting CVar [[s.WarnIfTimeLimitExceeded:0]]
[2020.04.05-09.22.47:293][  0]LogConfig: Setting CVar [[s.TimeLimitExceededMultiplier:1.5]]
[2020.04.05-09.22.47:293][  0]LogConfig: Setting CVar [[s.TimeLimitExceededMinTime:0.005]]
[2020.04.05-09.22.47:293][  0]LogConfig: Setting CVar [[s.UseBackgroundLevelStreaming:1]]
[2020.04.05-09.22.47:293][  0]LogConfig: Setting CVar [[s.PriorityAsyncLoadingExtraTime:15.0]]
[2020.04.05-09.22.47:293][  0]LogConfig: Setting CVar [[s.LevelStreamingActorsUpdateTimeLimit:5.0]]
[2020.04.05-09.22.47:293][  0]LogConfig: Setting CVar [[s.PriorityLevelStreamingActorsUpdateExtraTime:5.0]]
[2020.04.05-09.22.47:293][  0]LogConfig: Setting CVar [[s.LevelStreamingComponentsRegistrationGranularity:10]]
[2020.04.05-09.22.47:293][  0]LogConfig: Setting CVar [[s.UnregisterComponentsTimeLimit:1.0]]
[2020.04.05-09.22.47:294][  0]LogConfig: Setting CVar [[s.LevelStreamingComponentsUnregistrationGranularity:5]]
[2020.04.05-09.22.47:294][  0]LogConfig: Setting CVar [[s.FlushStreamingOnExit:1]]
[2020.04.05-09.22.47:294][  0]LogConfig: Applying CVar settings from Section [/Script/Engine.GarbageCollectionSettings] File [D:/Test/Love_Bomb/Saved/Config/Windows/Engine.ini]
[2020.04.05-09.22.47:294][  0]LogConfig: Setting CVar [[gc.MaxObjectsNotConsideredByGC:1]]
[2020.04.05-09.22.47:294][  0]LogConfig: Setting CVar [[gc.SizeOfPermanentObjectPool:0]]
[2020.04.05-09.22.47:294][  0]LogConfig: Setting CVar [[gc.FlushStreamingOnGC:0]]
[2020.04.05-09.22.47:294][  0]LogConfig: Setting CVar [[gc.NumRetriesBeforeForcingGC:10]]
[2020.04.05-09.22.47:294][  0]LogConfig: Setting CVar [[gc.AllowParallelGC:1]]
[2020.04.05-09.22.47:294][  0]LogConfig: Setting CVar [[gc.TimeBetweenPurgingPendingKillObjects:61.1]]
[2020.04.05-09.22.47:294][  0]LogConfig: Setting CVar [[gc.MaxObjectsInEditor:25165824]]
[2020.04.05-09.22.47:294][  0]LogConfig: Setting CVar [[gc.IncrementalBeginDestroyEnabled:1]]
[2020.04.05-09.22.47:294][  0]LogConfig: Setting CVar [[gc.CreateGCClusters:1]]
[2020.04.05-09.22.47:294][  0]LogConfig: Setting CVar [[gc.MinGCClusterSize:5]]
[2020.04.05-09.22.47:294][  0]LogConfig: Setting CVar [[gc.ActorClusteringEnabled:0]]
[2020.04.05-09.22.47:294][  0]LogConfig: Setting CVar [[gc.BlueprintClusteringEnabled:0]]
[2020.04.05-09.22.47:294][  0]LogConfig: Setting CVar [[gc.UseDisregardForGCOnDedicatedServers:0]]
[2020.04.05-09.22.47:294][  0]LogConfig: Applying CVar settings from Section [/Script/Engine.NetworkSettings] File [D:/Test/Love_Bomb/Saved/Config/Windows/Engine.ini]
[2020.04.05-09.22.47:294][  0]LogConfig: Applying CVar settings from Section [/Script/UnrealEd.CookerSettings] File [D:/Test/Love_Bomb/Saved/Config/Windows/Engine.ini]
[2020.04.05-09.22.47:296][  0]LogConfig: Applying CVar settings from Section [ViewDistanceQuality@3] File [D:/Test/Love_Bomb/Saved/Config/Windows/Scalability.ini]
[2020.04.05-09.22.47:296][  0]LogConfig: Setting CVar [[r.SkeletalMeshLODBias:0]]
[2020.04.05-09.22.47:296][  0]LogConfig: Setting CVar [[r.ViewDistanceScale:1.0]]
[2020.04.05-09.22.47:296][  0]LogConfig: Applying CVar settings from Section [AntiAliasingQuality@3] File [D:/Test/Love_Bomb/Saved/Config/Windows/Scalability.ini]
[2020.04.05-09.22.47:296][  0]LogConfig: Setting CVar [[r.PostProcessAAQuality:4]]
[2020.04.05-09.22.47:296][  0]LogConfig: Applying CVar settings from Section [ShadowQuality@3] File [D:/Test/Love_Bomb/Saved/Config/Windows/Scalability.ini]
[2020.04.05-09.22.47:296][  0]LogConfig: Setting CVar [[r.LightFunctionQuality:1]]
[2020.04.05-09.22.47:296][  0]LogConfig: Setting CVar [[r.ShadowQuality:5]]
[2020.04.05-09.22.47:296][  0]LogConfig: Setting CVar [[r.Shadow.CSM.MaxCascades:10]]
[2020.04.05-09.22.47:296][  0]LogConfig: Setting CVar [[r.Shadow.MaxResolution:2048]]
[2020.04.05-09.22.47:296][  0]LogConfig: Setting CVar [[r.Shadow.MaxCSMResolution:2048]]
[2020.04.05-09.22.47:296][  0]LogConfig: Setting CVar [[r.Shadow.RadiusThreshold:0.01]]
[2020.04.05-09.22.47:296][  0]LogConfig: Setting CVar [[r.Shadow.DistanceScale:1.0]]
[2020.04.05-09.22.47:296][  0]LogConfig: Setting CVar [[r.Shadow.CSM.TransitionScale:1.0]]
[2020.04.05-09.22.47:296][  0]LogConfig: Setting CVar [[r.Shadow.PreShadowResolutionFactor:1.0]]
[2020.04.05-09.22.47:296][  0]LogConfig: Setting CVar [[r.DistanceFieldShadowing:1]]
[2020.04.05-09.22.47:296][  0]LogConfig: Setting CVar [[r.DistanceFieldAO:1]]
[2020.04.05-09.22.47:296][  0]LogConfig: Setting CVar [[r.AOQuality:2]]
[2020.04.05-09.22.47:296][  0]LogConfig: Setting CVar [[r.VolumetricFog:1]]
[2020.04.05-09.22.47:296][  0]LogConfig: Setting CVar [[r.VolumetricFog.GridPixelSize:8]]
[2020.04.05-09.22.47:296][  0]LogConfig: Setting CVar [[r.VolumetricFog.GridSizeZ:128]]
[2020.04.05-09.22.47:296][  0]LogConfig: Setting CVar [[r.VolumetricFog.HistoryMissSupersampleCount:4]]
[2020.04.05-09.22.47:296][  0]LogConfig: Setting CVar [[r.LightMaxDrawDistanceScale:1]]
[2020.04.05-09.22.47:296][  0]LogConfig: Setting CVar [[r.CapsuleShadows:1]]
[2020.04.05-09.22.47:296][  0]LogConfig: Applying CVar settings from Section [PostProcessQuality@3] File [D:/Test/Love_Bomb/Saved/Config/Windows/Scalability.ini]
[2020.04.05-09.22.47:296][  0]LogConfig: Setting CVar [[r.MotionBlurQuality:4]]
[2020.04.05-09.22.47:296][  0]LogConfig: Setting CVar [[r.AmbientOcclusionMipLevelFactor:0.4]]
[2020.04.05-09.22.47:296][  0]LogConfig: Setting CVar [[r.AmbientOcclusionMaxQuality:100]]
[2020.04.05-09.22.47:296][  0]LogConfig: Setting CVar [[r.AmbientOcclusionLevels:-1]]
[2020.04.05-09.22.47:296][  0]LogConfig: Setting CVar [[r.AmbientOcclusionRadiusScale:1.0]]
[2020.04.05-09.22.47:296][  0]LogConfig: Setting CVar [[r.DepthOfFieldQuality:2]]
[2020.04.05-09.22.47:296][  0]LogConfig: Setting CVar [[r.RenderTargetPoolMin:400]]
[2020.04.05-09.22.47:296][  0]LogConfig: Setting CVar [[r.LensFlareQuality:2]]
[2020.04.05-09.22.47:296][  0]LogConfig: Setting CVar [[r.SceneColorFringeQuality:1]]
[2020.04.05-09.22.47:296][  0]LogConfig: Setting CVar [[r.EyeAdaptationQuality:2]]
[2020.04.05-09.22.47:296][  0]LogConfig: Setting CVar [[r.BloomQuality:5]]
[2020.04.05-09.22.47:296][  0]LogConfig: Setting CVar [[r.FastBlurThreshold:100]]
[2020.04.05-09.22.47:296][  0]LogConfig: Setting CVar [[r.Upscale.Quality:3]]
[2020.04.05-09.22.47:296][  0]LogConfig: Setting CVar [[r.Tonemapper.GrainQuantization:1]]
[2020.04.05-09.22.47:296][  0]LogConfig: Setting CVar [[r.LightShaftQuality:1]]
[2020.04.05-09.22.47:296][  0]LogConfig: Setting CVar [[r.Filter.SizeScale:1]]
[2020.04.05-09.22.47:296][  0]LogConfig: Setting CVar [[r.Tonemapper.Quality:5]]
[2020.04.05-09.22.47:296][  0]LogConfig: Setting CVar [[r.DOF.Gather.AccumulatorQuality:1        ; higher gathering accumulator quality]]
[2020.04.05-09.22.47:296][  0]LogConfig: Setting CVar [[r.DOF.Gather.PostfilterMethod:1          ; Median3x3 postfilering method]]
[2020.04.05-09.22.47:296][  0]LogConfig: Setting CVar [[r.DOF.Gather.EnableBokehSettings:0       ; no bokeh simulation when gathering]]
[2020.04.05-09.22.47:296][  0]LogConfig: Setting CVar [[r.DOF.Gather.RingCount:4                 ; medium number of samples when gathering]]
[2020.04.05-09.22.47:296][  0]LogConfig: Setting CVar [[r.DOF.Scatter.ForegroundCompositing:1    ; additive foreground scattering]]
[2020.04.05-09.22.47:296][  0]LogConfig: Setting CVar [[r.DOF.Scatter.BackgroundCompositing:2    ; additive background scattering]]
[2020.04.05-09.22.47:296][  0]LogConfig: Setting CVar [[r.DOF.Scatter.EnableBokehSettings:1      ; bokeh simulation when scattering]]
[2020.04.05-09.22.47:296][  0]LogConfig: Setting CVar [[r.DOF.Scatter.MaxSpriteRatio:0.1         ; only a maximum of 10% of scattered bokeh]]
[2020.04.05-09.22.47:296][  0]LogConfig: Setting CVar [[r.DOF.Recombine.Quality:1                ; cheap slight out of focus]]
[2020.04.05-09.22.47:296][  0]LogConfig: Setting CVar [[r.DOF.Recombine.EnableBokehSettings:0    ; no bokeh simulation on slight out of focus]]
[2020.04.05-09.22.47:296][  0]LogConfig: Setting CVar [[r.DOF.TemporalAAQuality:1                ; more stable temporal accumulation]]
[2020.04.05-09.22.47:296][  0]LogConfig: Setting CVar [[r.DOF.Kernel.MaxForegroundRadius:0.025]]
[2020.04.05-09.22.47:296][  0]LogConfig: Setting CVar [[r.DOF.Kernel.MaxBackgroundRadius:0.025]]
[2020.04.05-09.22.47:296][  0]LogConfig: Applying CVar settings from Section [TextureQuality@3] File [D:/Test/Love_Bomb/Saved/Config/Windows/Scalability.ini]
[2020.04.05-09.22.47:296][  0]LogConfig: Setting CVar [[r.Streaming.MipBias:0]]
[2020.04.05-09.22.47:296][  0]LogConfig: Setting CVar [[r.Streaming.AmortizeCPUToGPUCopy:0]]
[2020.04.05-09.22.47:296][  0]LogConfig: Setting CVar [[r.Streaming.MaxNumTexturesToStreamPerFrame:0]]
[2020.04.05-09.22.47:296][  0]LogConfig: Setting CVar [[r.Streaming.Boost:1]]
[2020.04.05-09.22.47:296][  0]LogConfig: Setting CVar [[r.MaxAnisotropy:8]]
[2020.04.05-09.22.47:296][  0]LogConfig: Setting CVar [[r.VT.MaxAnisotropy:8]]
[2020.04.05-09.22.47:296][  0]LogConfig: Setting CVar [[r.Streaming.LimitPoolSizeToVRAM:0]]
[2020.04.05-09.22.47:296][  0]LogConfig: Setting CVar [[r.Streaming.PoolSize:1000]]
[2020.04.05-09.22.47:296][  0]LogConfig: Setting CVar [[r.Streaming.MaxEffectiveScreenSize:0]]
[2020.04.05-09.22.47:296][  0]LogConfig: Applying CVar settings from Section [EffectsQuality@3] File [D:/Test/Love_Bomb/Saved/Config/Windows/Scalability.ini]
[2020.04.05-09.22.47:296][  0]LogConfig: Setting CVar [[r.TranslucencyLightingVolumeDim:64]]
[2020.04.05-09.22.47:296][  0]LogConfig: Setting CVar [[r.RefractionQuality:2]]
[2020.04.05-09.22.47:296][  0]LogConfig: Setting CVar [[r.SSR.Quality:3]]
[2020.04.05-09.22.47:296][  0]LogConfig: Setting CVar [[r.SSR.HalfResSceneColor:0]]
[2020.04.05-09.22.47:296][  0]LogConfig: Setting CVar [[r.SceneColorFormat:4]]
[2020.04.05-09.22.47:296][  0]LogConfig: Setting CVar [[r.DetailMode:2]]
[2020.04.05-09.22.47:297][  0]LogConfig: Setting CVar [[r.TranslucencyVolumeBlur:1]]
[2020.04.05-09.22.47:297][  0]LogConfig: Setting CVar [[r.MaterialQualityLevel:1 ; High quality]]
[2020.04.05-09.22.47:297][  0]LogConfig: Setting CVar [[r.SSS.Scale:1]]
[2020.04.05-09.22.47:297][  0]LogConfig: Setting CVar [[r.SSS.SampleSet:2]]
[2020.04.05-09.22.47:297][  0]LogConfig: Setting CVar [[r.SSS.Quality:1]]
[2020.04.05-09.22.47:297][  0]LogConfig: Setting CVar [[r.SSS.HalfRes:1]]
[2020.04.05-09.22.47:297][  0]LogConfig: Setting CVar [[r.SSGI.Quality:3]]
[2020.04.05-09.22.47:297][  0]LogConfig: Setting CVar [[r.EmitterSpawnRateScale:1.0]]
[2020.04.05-09.22.47:297][  0]LogConfig: Setting CVar [[r.ParticleLightQuality:2]]
[2020.04.05-09.22.47:297][  0]LogConfig: Setting CVar [[r.SkyAtmosphere.AerialPerspectiveLUT.FastApplyOnOpaque:1 ; Always have FastSkyLUT 1 in this case to avoid wrong sky]]
[2020.04.05-09.22.47:297][  0]LogConfig: Setting CVar [[r.SkyAtmosphere.AerialPerspectiveLUT.SampleCountPerSlice:1]]
[2020.04.05-09.22.47:297][  0]LogConfig: Setting CVar [[r.SkyAtmosphere.AerialPerspectiveLUT.DepthResolution:16.0]]
[2020.04.05-09.22.47:297][  0]LogConfig: Setting CVar [[r.SkyAtmosphere.FastSkyLUT:1]]
[2020.04.05-09.22.47:297][  0]LogConfig: Setting CVar [[r.SkyAtmosphere.FastSkyLUT.SampleCountMin:4.0]]
[2020.04.05-09.22.47:297][  0]LogConfig: Setting CVar [[r.SkyAtmosphere.FastSkyLUT.SampleCountMax:32.0]]
[2020.04.05-09.22.47:297][  0]LogConfig: Setting CVar [[r.SkyAtmosphere.SampleCountMin:4.0]]
[2020.04.05-09.22.47:297][  0]LogConfig: Setting CVar [[r.SkyAtmosphere.SampleCountMax:32.0]]
[2020.04.05-09.22.47:297][  0]LogConfig: Setting CVar [[r.SkyAtmosphere.TransmittanceLUT.UseSmallFormat:0]]
[2020.04.05-09.22.47:297][  0]LogConfig: Setting CVar [[r.SkyAtmosphere.TransmittanceLUT.SampleCount:10.0]]
[2020.04.05-09.22.47:297][  0]LogConfig: Setting CVar [[r.SkyAtmosphere.MultiScatteringLUT.SampleCount:15.0]]
[2020.04.05-09.22.47:297][  0]LogConfig: Applying CVar settings from Section [FoliageQuality@3] File [D:/Test/Love_Bomb/Saved/Config/Windows/Scalability.ini]
[2020.04.05-09.22.47:297][  0]LogConfig: Setting CVar [[foliage.DensityScale:1.0]]
[2020.04.05-09.22.47:297][  0]LogConfig: Setting CVar [[grass.DensityScale:1.0]]
[2020.04.05-09.22.47:297][  0]LogConfig: Applying CVar settings from Section [ShadingQuality@3] File [D:/Test/Love_Bomb/Saved/Config/Windows/Scalability.ini]
[2020.04.05-09.22.47:297][  0]LogConfig: Setting CVar [[r.HairStrands.SkyLighting.SampleCount:16]]
[2020.04.05-09.22.47:297][  0]LogConfig: Setting CVar [[r.HairStrands.SkyLighting.JitterIntegration:0]]
[2020.04.05-09.22.47:297][  0]LogConfig: Setting CVar [[r.HairStrands.SkyAO.SampleCount:16]]
[2020.04.05-09.22.47:297][  0]LogInit: Selected Device Profile: [Windows]
[2020.04.05-09.22.47:297][  0]LogInit: Applying CVar settings loaded from the selected device profile: [Windows]
[2020.04.05-09.22.47:315][  0]LogHAL: Display: Platform has ~ 12 GB [12729040896 / 17179869184 / 12], which maps to Larger [LargestMinGB=32, LargerMinGB=12, DefaultMinGB=8, SmallerMinGB=6, SmallestMinGB=0)
[2020.04.05-09.22.47:315][  0]LogInit: Going up to parent DeviceProfile []
[2020.04.05-09.22.47:315][  0]LogConfig: Applying CVar settings from Section [ViewDistanceQuality@3] File [D:/Test/Love_Bomb/Saved/Config/Windows/Scalability.ini]
[2020.04.05-09.22.47:315][  0]LogConfig: Setting CVar [[r.SkeletalMeshLODBias:0]]
[2020.04.05-09.22.47:315][  0]LogConfig: Setting CVar [[r.ViewDistanceScale:1.0]]
[2020.04.05-09.22.47:315][  0]LogConfig: Applying CVar settings from Section [AntiAliasingQuality@3] File [D:/Test/Love_Bomb/Saved/Config/Windows/Scalability.ini]
[2020.04.05-09.22.47:315][  0]LogConfig: Setting CVar [[r.PostProcessAAQuality:4]]
[2020.04.05-09.22.47:315][  0]LogConfig: Applying CVar settings from Section [ShadowQuality@3] File [D:/Test/Love_Bomb/Saved/Config/Windows/Scalability.ini]
[2020.04.05-09.22.47:315][  0]LogConfig: Setting CVar [[r.LightFunctionQuality:1]]
[2020.04.05-09.22.47:315][  0]LogConfig: Setting CVar [[r.ShadowQuality:5]]
[2020.04.05-09.22.47:315][  0]LogConfig: Setting CVar [[r.Shadow.CSM.MaxCascades:10]]
[2020.04.05-09.22.47:315][  0]LogConfig: Setting CVar [[r.Shadow.MaxResolution:2048]]
[2020.04.05-09.22.47:315][  0]LogConfig: Setting CVar [[r.Shadow.MaxCSMResolution:2048]]
[2020.04.05-09.22.47:315][  0]LogConfig: Setting CVar [[r.Shadow.RadiusThreshold:0.01]]
[2020.04.05-09.22.47:315][  0]LogConfig: Setting CVar [[r.Shadow.DistanceScale:1.0]]
[2020.04.05-09.22.47:315][  0]LogConfig: Setting CVar [[r.Shadow.CSM.TransitionScale:1.0]]
[2020.04.05-09.22.47:315][  0]LogConfig: Setting CVar [[r.Shadow.PreShadowResolutionFactor:1.0]]
[2020.04.05-09.22.47:315][  0]LogConfig: Setting CVar [[r.DistanceFieldShadowing:1]]
[2020.04.05-09.22.47:315][  0]LogConfig: Setting CVar [[r.DistanceFieldAO:1]]
[2020.04.05-09.22.47:315][  0]LogConfig: Setting CVar [[r.AOQuality:2]]
[2020.04.05-09.22.47:315][  0]LogConfig: Setting CVar [[r.VolumetricFog:1]]
[2020.04.05-09.22.47:315][  0]LogConfig: Setting CVar [[r.VolumetricFog.GridPixelSize:8]]
[2020.04.05-09.22.47:315][  0]LogConfig: Setting CVar [[r.VolumetricFog.GridSizeZ:128]]
[2020.04.05-09.22.47:315][  0]LogConfig: Setting CVar [[r.VolumetricFog.HistoryMissSupersampleCount:4]]
[2020.04.05-09.22.47:315][  0]LogConfig: Setting CVar [[r.LightMaxDrawDistanceScale:1]]
[2020.04.05-09.22.47:315][  0]LogConfig: Setting CVar [[r.CapsuleShadows:1]]
[2020.04.05-09.22.47:315][  0]LogConfig: Applying CVar settings from Section [PostProcessQuality@3] File [D:/Test/Love_Bomb/Saved/Config/Windows/Scalability.ini]
[2020.04.05-09.22.47:315][  0]LogConfig: Setting CVar [[r.MotionBlurQuality:4]]
[2020.04.05-09.22.47:315][  0]LogConfig: Setting CVar [[r.AmbientOcclusionMipLevelFactor:0.4]]
[2020.04.05-09.22.47:315][  0]LogConfig: Setting CVar [[r.AmbientOcclusionMaxQuality:100]]
[2020.04.05-09.22.47:315][  0]LogConfig: Setting CVar [[r.AmbientOcclusionLevels:-1]]
[2020.04.05-09.22.47:315][  0]LogConfig: Setting CVar [[r.AmbientOcclusionRadiusScale:1.0]]
[2020.04.05-09.22.47:315][  0]LogConfig: Setting CVar [[r.DepthOfFieldQuality:2]]
[2020.04.05-09.22.47:315][  0]LogConfig: Setting CVar [[r.RenderTargetPoolMin:400]]
[2020.04.05-09.22.47:315][  0]LogConfig: Setting CVar [[r.LensFlareQuality:2]]
[2020.04.05-09.22.47:315][  0]LogConfig: Setting CVar [[r.SceneColorFringeQuality:1]]
[2020.04.05-09.22.47:315][  0]LogConfig: Setting CVar [[r.EyeAdaptationQuality:2]]
[2020.04.05-09.22.47:315][  0]LogConfig: Setting CVar [[r.BloomQuality:5]]
[2020.04.05-09.22.47:315][  0]LogConfig: Setting CVar [[r.FastBlurThreshold:100]]
[2020.04.05-09.22.47:315][  0]LogConfig: Setting CVar [[r.Upscale.Quality:3]]
[2020.04.05-09.22.47:315][  0]LogConfig: Setting CVar [[r.Tonemapper.GrainQuantization:1]]
[2020.04.05-09.22.47:315][  0]LogConfig: Setting CVar [[r.LightShaftQuality:1]]
[2020.04.05-09.22.47:315][  0]LogConfig: Setting CVar [[r.Filter.SizeScale:1]]
[2020.04.05-09.22.47:315][  0]LogConfig: Setting CVar [[r.Tonemapper.Quality:5]]
[2020.04.05-09.22.47:315][  0]LogConfig: Setting CVar [[r.DOF.Gather.AccumulatorQuality:1        ; higher gathering accumulator quality]]
[2020.04.05-09.22.47:315][  0]LogConfig: Setting CVar [[r.DOF.Gather.PostfilterMethod:1          ; Median3x3 postfilering method]]
[2020.04.05-09.22.47:315][  0]LogConfig: Setting CVar [[r.DOF.Gather.EnableBokehSettings:0       ; no bokeh simulation when gathering]]
[2020.04.05-09.22.47:315][  0]LogConfig: Setting CVar [[r.DOF.Gather.RingCount:4                 ; medium number of samples when gathering]]
[2020.04.05-09.22.47:315][  0]LogConfig: Setting CVar [[r.DOF.Scatter.ForegroundCompositing:1    ; additive foreground scattering]]
[2020.04.05-09.22.47:315][  0]LogConfig: Setting CVar [[r.DOF.Scatter.BackgroundCompositing:2    ; additive background scattering]]
[2020.04.05-09.22.47:315][  0]LogConfig: Setting CVar [[r.DOF.Scatter.EnableBokehSettings:1      ; bokeh simulation when scattering]]
[2020.04.05-09.22.47:315][  0]LogConfig: Setting CVar [[r.DOF.Scatter.MaxSpriteRatio:0.1         ; only a maximum of 10% of scattered bokeh]]
[2020.04.05-09.22.47:315][  0]LogConfig: Setting CVar [[r.DOF.Recombine.Quality:1                ; cheap slight out of focus]]
[2020.04.05-09.22.47:315][  0]LogConfig: Setting CVar [[r.DOF.Recombine.EnableBokehSettings:0    ; no bokeh simulation on slight out of focus]]
[2020.04.05-09.22.47:315][  0]LogConfig: Setting CVar [[r.DOF.TemporalAAQuality:1                ; more stable temporal accumulation]]
[2020.04.05-09.22.47:315][  0]LogConfig: Setting CVar [[r.DOF.Kernel.MaxForegroundRadius:0.025]]
[2020.04.05-09.22.47:315][  0]LogConfig: Setting CVar [[r.DOF.Kernel.MaxBackgroundRadius:0.025]]
[2020.04.05-09.22.47:315][  0]LogConfig: Applying CVar settings from Section [TextureQuality@3] File [D:/Test/Love_Bomb/Saved/Config/Windows/Scalability.ini]
[2020.04.05-09.22.47:315][  0]LogConfig: Setting CVar [[r.Streaming.MipBias:0]]
[2020.04.05-09.22.47:315][  0]LogConfig: Setting CVar [[r.Streaming.AmortizeCPUToGPUCopy:0]]
[2020.04.05-09.22.47:315][  0]LogConfig: Setting CVar [[r.Streaming.MaxNumTexturesToStreamPerFrame:0]]
[2020.04.05-09.22.47:315][  0]LogConfig: Setting CVar [[r.Streaming.Boost:1]]
[2020.04.05-09.22.47:315][  0]LogConfig: Setting CVar [[r.MaxAnisotropy:8]]
[2020.04.05-09.22.47:315][  0]LogConfig: Setting CVar [[r.VT.MaxAnisotropy:8]]
[2020.04.05-09.22.47:315][  0]LogConfig: Setting CVar [[r.Streaming.LimitPoolSizeToVRAM:0]]
[2020.04.05-09.22.47:315][  0]LogConfig: Setting CVar [[r.Streaming.PoolSize:1000]]
[2020.04.05-09.22.47:315][  0]LogConfig: Setting CVar [[r.Streaming.MaxEffectiveScreenSize:0]]
[2020.04.05-09.22.47:315][  0]LogConfig: Applying CVar settings from Section [EffectsQuality@3] File [D:/Test/Love_Bomb/Saved/Config/Windows/Scalability.ini]
[2020.04.05-09.22.47:315][  0]LogConfig: Setting CVar [[r.TranslucencyLightingVolumeDim:64]]
[2020.04.05-09.22.47:315][  0]LogConfig: Setting CVar [[r.RefractionQuality:2]]
[2020.04.05-09.22.47:315][  0]LogConfig: Setting CVar [[r.SSR.Quality:3]]
[2020.04.05-09.22.47:315][  0]LogConfig: Setting CVar [[r.SSR.HalfResSceneColor:0]]
[2020.04.05-09.22.47:315][  0]LogConfig: Setting CVar [[r.SceneColorFormat:4]]
[2020.04.05-09.22.47:315][  0]LogConfig: Setting CVar [[r.DetailMode:2]]
[2020.04.05-09.22.47:315][  0]LogConfig: Setting CVar [[r.TranslucencyVolumeBlur:1]]
[2020.04.05-09.22.47:315][  0]LogConfig: Setting CVar [[r.MaterialQualityLevel:1 ; High quality]]
[2020.04.05-09.22.47:316][  0]LogConfig: Setting CVar [[r.SSS.Scale:1]]
[2020.04.05-09.22.47:316][  0]LogConfig: Setting CVar [[r.SSS.SampleSet:2]]
[2020.04.05-09.22.47:316][  0]LogConfig: Setting CVar [[r.SSS.Quality:1]]
[2020.04.05-09.22.47:316][  0]LogConfig: Setting CVar [[r.SSS.HalfRes:1]]
[2020.04.05-09.22.47:316][  0]LogConfig: Setting CVar [[r.SSGI.Quality:3]]
[2020.04.05-09.22.47:316][  0]LogConfig: Setting CVar [[r.EmitterSpawnRateScale:1.0]]
[2020.04.05-09.22.47:316][  0]LogConfig: Setting CVar [[r.ParticleLightQuality:2]]
[2020.04.05-09.22.47:316][  0]LogConfig: Setting CVar [[r.SkyAtmosphere.AerialPerspectiveLUT.FastApplyOnOpaque:1 ; Always have FastSkyLUT 1 in this case to avoid wrong sky]]
[2020.04.05-09.22.47:316][  0]LogConfig: Setting CVar [[r.SkyAtmosphere.AerialPerspectiveLUT.SampleCountPerSlice:1]]
[2020.04.05-09.22.47:316][  0]LogConfig: Setting CVar [[r.SkyAtmosphere.AerialPerspectiveLUT.DepthResolution:16.0]]
[2020.04.05-09.22.47:316][  0]LogConfig: Setting CVar [[r.SkyAtmosphere.FastSkyLUT:1]]
[2020.04.05-09.22.47:316][  0]LogConfig: Setting CVar [[r.SkyAtmosphere.FastSkyLUT.SampleCountMin:4.0]]
[2020.04.05-09.22.47:316][  0]LogConfig: Setting CVar [[r.SkyAtmosphere.FastSkyLUT.SampleCountMax:32.0]]
[2020.04.05-09.22.47:316][  0]LogConfig: Setting CVar [[r.SkyAtmosphere.SampleCountMin:4.0]]
[2020.04.05-09.22.47:316][  0]LogConfig: Setting CVar [[r.SkyAtmosphere.SampleCountMax:32.0]]
[2020.04.05-09.22.47:316][  0]LogConfig: Setting CVar [[r.SkyAtmosphere.TransmittanceLUT.UseSmallFormat:0]]
[2020.04.05-09.22.47:316][  0]LogConfig: Setting CVar [[r.SkyAtmosphere.TransmittanceLUT.SampleCount:10.0]]
[2020.04.05-09.22.47:316][  0]LogConfig: Setting CVar [[r.SkyAtmosphere.MultiScatteringLUT.SampleCount:15.0]]
[2020.04.05-09.22.47:316][  0]LogConfig: Applying CVar settings from Section [FoliageQuality@3] File [D:/Test/Love_Bomb/Saved/Config/Windows/Scalability.ini]
[2020.04.05-09.22.47:316][  0]LogConfig: Setting CVar [[foliage.DensityScale:1.0]]
[2020.04.05-09.22.47:316][  0]LogConfig: Setting CVar [[grass.DensityScale:1.0]]
[2020.04.05-09.22.47:316][  0]LogConfig: Applying CVar settings from Section [ShadingQuality@3] File [D:/Test/Love_Bomb/Saved/Config/Windows/Scalability.ini]
[2020.04.05-09.22.47:316][  0]LogConfig: Setting CVar [[r.HairStrands.SkyLighting.SampleCount:16]]
[2020.04.05-09.22.47:316][  0]LogConfig: Setting CVar [[r.HairStrands.SkyLighting.JitterIntegration:0]]
[2020.04.05-09.22.47:316][  0]LogConfig: Setting CVar [[r.HairStrands.SkyAO.SampleCount:16]]
[2020.04.05-09.22.47:316][  0]LogConfig: Applying CVar settings from Section [Startup] File [../../../Engine/Config/ConsoleVariables.ini]
[2020.04.05-09.22.47:320][  0]LogConfig: Setting CVar [[net.UseAdaptiveNetUpdateFrequency:0]]
[2020.04.05-09.22.47:320][  0]LogConfig: Setting CVar [[p.chaos.AllowCreatePhysxBodies:1]]
[2020.04.05-09.22.47:320][  0]LogConfig: Applying CVar settings from Section [ConsoleVariables] File [D:/Test/Love_Bomb/Saved/Config/Windows/Engine.ini]
[2020.04.05-09.22.47:320][  0]LogInit: Computer: HENDRA-PC
[2020.04.05-09.22.47:320][  0]LogInit: User: Hendra
[2020.04.05-09.22.47:320][  0]LogInit: CPU Page size=4096, Cores=4
[2020.04.05-09.22.47:320][  0]LogInit: High frequency timer resolution =10.000000 MHz
[2020.04.05-09.22.47:321][  0]LogMemory: Memory total: Physical=11.9GB (12GB approx)
[2020.04.05-09.22.47:321][  0]LogMemory: Platform Memory Stats for Windows
[2020.04.05-09.22.47:321][  0]LogMemory: Process Physical Memory: 106.15 MB used, 106.16 MB peak
[2020.04.05-09.22.47:321][  0]LogMemory: Process Virtual Memory: 100.60 MB used, 100.60 MB peak
[2020.04.05-09.22.47:321][  0]LogMemory: Physical Memory: 5090.03 MB used,  7049.33 MB free, 12139.36 MB total
[2020.04.05-09.22.47:321][  0]LogMemory: Virtual Memory: 5137.55 MB used,  134212592.00 MB free, 134217728.00 MB total
[2020.04.05-09.22.47:349][  0]LogWindows: WindowsPlatformFeatures enabled
[2020.04.05-09.22.47:800][  0]LogInit: Using OS detected language (en-US).
[2020.04.05-09.22.47:800][  0]LogInit: Using OS detected locale (en-US).
[2020.04.05-09.22.47:841][  0]LogTextLocalizationManager: No specific localization for 'en-US' exists, so the 'en' localization will be used.
[2020.04.05-09.22.48:403][  0]LogInit: Setting process to per monitor DPI aware
[2020.04.05-09.22.49:026][  0]LogSlate: New Slate User Created.  User Index 0, Is Virtual User: 0
[2020.04.05-09.22.49:026][  0]LogSlate: Slate User Registered.  User Index 0, Is Virtual User: 0
[2020.04.05-09.22.49:511][  0]LogHMD: Failed to initialize OpenVR with code 110
[2020.04.05-09.22.49:511][  0]LogD3D11RHI: D3D11 min allowed feature level: 11_0
[2020.04.05-09.22.49:511][  0]LogD3D11RHI: D3D11 max allowed feature level: 11_0
[2020.04.05-09.22.49:511][  0]LogD3D11RHI: D3D11 adapters:
[2020.04.05-09.22.49:576][  0]LogD3D11RHI:    0. 'NVIDIA GeForce MX230' (Feature Level 11_0)
[2020.04.05-09.22.49:576][  0]LogD3D11RHI:       1984/0/6069 MB DedicatedVideo/DedicatedSystem/SharedSystem, Outputs:1, VendorId:0x10de
[2020.04.05-09.22.49:599][  0]LogD3D11RHI:    1. 'Intel(R) UHD Graphics 620' (Feature Level 11_0)
[2020.04.05-09.22.49:599][  0]LogD3D11RHI:       128/0/6069 MB DedicatedVideo/DedicatedSystem/SharedSystem, Outputs:0, VendorId:0x8086
[2020.04.05-09.22.49:601][  0]LogD3D11RHI:    2. 'Microsoft Basic Render Driver' (Feature Level 11_0)
[2020.04.05-09.22.49:601][  0]LogD3D11RHI:       0/0/6069 MB DedicatedVideo/DedicatedSystem/SharedSystem, Outputs:0, VendorId:0x1414
[2020.04.05-09.22.49:601][  0]LogD3D11RHI: Chosen D3D11 Adapter: 0
[2020.04.05-09.22.49:626][  0]LogD3D11RHI: Creating new Direct3DDevice
[2020.04.05-09.22.49:626][  0]LogD3D11RHI:     GPU DeviceId: 0x1d11 (for the marketing name, search the web for "GPU Device Id")
[2020.04.05-09.22.49:626][  0]LogWindows: EnumDisplayDevices:
[2020.04.05-09.22.49:626][  0]LogWindows:    0. 'Intel(R) UHD Graphics 620' (P:1 D:1)
[2020.04.05-09.22.49:627][  0]LogWindows:    1. 'Intel(R) UHD Graphics 620' (P:0 D:0)
[2020.04.05-09.22.49:627][  0]LogWindows:    2. 'Intel(R) UHD Graphics 620' (P:0 D:0)
[2020.04.05-09.22.49:627][  0]LogWindows: DebugString: PrimaryIsNotTheChoosenAdapter PrimaryIsNotTheChoosenAdapter PrimaryIsNotTheChoosenAdapter FoundDriverCount:0 
[2020.04.05-09.22.49:627][  0]LogD3D11RHI:     Adapter Name: NVIDIA GeForce MX230
[2020.04.05-09.22.49:627][  0]LogD3D11RHI:   Driver Version: Unknown (internal:Unknown, unified:Unknown)
[2020.04.05-09.22.49:627][  0]LogD3D11RHI:      Driver Date: Unknown
[2020.04.05-09.22.49:627][  0]LogRHI: Texture pool is 1388 MB (70% of 1984 MB)
[2020.04.05-09.22.49:673][  0]LogD3D11RHI: RHI has support for 64 bit atomics
[2020.04.05-09.22.49:673][  0]LogD3D11RHI: Async texture creation enabled
[2020.04.05-09.22.49:685][  0]LogD3D11RHI: GPU Timing Frequency: 1000.000000 (Debug: 2 1)
[2020.04.05-09.22.50:261][  0]LogTargetPlatformManager: Display: Loaded TargetPlatform 'AllDesktop'
[2020.04.05-09.22.50:322][  0]LogTargetPlatformManager: Display: Loaded TargetPlatform 'Android'
[2020.04.05-09.22.50:322][  0]LogTargetPlatformManager: Display: Loaded TargetPlatform 'Android_ASTC'
[2020.04.05-09.22.50:322][  0]LogTargetPlatformManager: Display: Loaded TargetPlatform 'Android_ATC'
[2020.04.05-09.22.50:322][  0]LogTargetPlatformManager: Display: Loaded TargetPlatform 'Android_DXT'
[2020.04.05-09.22.50:322][  0]LogTargetPlatformManager: Display: Loaded TargetPlatform 'Android_ETC1'
[2020.04.05-09.22.50:322][  0]LogTargetPlatformManager: Display: Loaded TargetPlatform 'Android_ETC1a'
[2020.04.05-09.22.50:322][  0]LogTargetPlatformManager: Display: Loaded TargetPlatform 'Android_ETC2'
[2020.04.05-09.22.50:322][  0]LogTargetPlatformManager: Display: Loaded TargetPlatform 'Android_PVRTC'
[2020.04.05-09.22.50:322][  0]LogTargetPlatformManager: Display: Loaded TargetPlatform 'AndroidClient'
[2020.04.05-09.22.50:322][  0]LogTargetPlatformManager: Display: Loaded TargetPlatform 'Android_ASTCClient'
[2020.04.05-09.22.50:322][  0]LogTargetPlatformManager: Display: Loaded TargetPlatform 'Android_ATCClient'
[2020.04.05-09.22.50:322][  0]LogTargetPlatformManager: Display: Loaded TargetPlatform 'Android_DXTClient'
[2020.04.05-09.22.50:322][  0]LogTargetPlatformManager: Display: Loaded TargetPlatform 'Android_ETC1Client'
[2020.04.05-09.22.50:322][  0]LogTargetPlatformManager: Display: Loaded TargetPlatform 'Android_ETC1aClient'
[2020.04.05-09.22.50:322][  0]LogTargetPlatformManager: Display: Loaded TargetPlatform 'Android_ETC2Client'
[2020.04.05-09.22.50:322][  0]LogTargetPlatformManager: Display: Loaded TargetPlatform 'Android_PVRTCClient'
[2020.04.05-09.22.50:322][  0]LogTargetPlatformManager: Display: Loaded TargetPlatform 'Android_Multi'
[2020.04.05-09.22.50:322][  0]LogTargetPlatformManager: Display: Loaded TargetPlatform 'Android_MultiClient'
[2020.04.05-09.22.50:483][  0]LogTargetPlatformManager: Display: Loaded TargetPlatform 'IOSClient'
[2020.04.05-09.22.50:483][  0]LogTargetPlatformManager: Display: Loaded TargetPlatform 'IOS'
[2020.04.05-09.22.50:513][  0]LogTargetPlatformManager: Display: Loaded TargetPlatform 'LinuxNoEditor'
[2020.04.05-09.22.50:541][  0]LogTargetPlatformManager: Display: Loaded TargetPlatform 'LinuxClient'
[2020.04.05-09.22.50:555][  0]LogTargetPlatformManager: Display: Loaded TargetPlatform 'LinuxServer'
[2020.04.05-09.22.50:580][  0]LogTargetPlatformManager: Display: Loaded TargetPlatform 'LinuxAArch64NoEditor'
[2020.04.05-09.22.50:629][  0]LogTargetPlatformManager: Display: Loaded TargetPlatform 'LinuxAArch64Client'
[2020.04.05-09.22.50:659][  0]LogTargetPlatformManager: Display: Loaded TargetPlatform 'LinuxAArch64Server'
[2020.04.05-09.22.50:693][  0]LogTargetPlatformManager: Display: Loaded TargetPlatform 'Lumin'
[2020.04.05-09.22.50:693][  0]LogTargetPlatformManager: Display: Loaded TargetPlatform 'LuminClient'
[2020.04.05-09.22.50:718][  0]LogTargetPlatformManager: Display: Loaded TargetPlatform 'TVOSClient'
[2020.04.05-09.22.50:718][  0]LogTargetPlatformManager: Display: Loaded TargetPlatform 'TVOS'
[2020.04.05-09.22.50:743][  0]LogTargetPlatformManager: Display: Loaded TargetPlatform 'WindowsNoEditor'
[2020.04.05-09.22.50:765][  0]LogTargetPlatformManager: Display: Loaded TargetPlatform 'Windows'
[2020.04.05-09.22.50:779][  0]LogTargetPlatformManager: Display: Loaded TargetPlatform 'WindowsClient'
[2020.04.05-09.22.50:788][  0]LogTargetPlatformManager: Display: Loaded TargetPlatform 'WindowsServer'
[2020.04.05-09.22.50:788][  0]LogTargetPlatformManager: Display: Building Assets For Windows
[2020.04.05-09.22.50:907][  0]LogAudioDebug: Display: Lib vorbis DLL was dynamically loaded.
[2020.04.05-09.22.51:367][  0]LogShaderCompilers: Guid format shader working directory is 17 characters bigger than the processId version (../../../../../Test/Love_Bomb/Intermediate/Shaders/WorkingDirectory/14872/).
[2020.04.05-09.22.51:367][  0]LogShaderCompilers: Cleaned the shader compiler working directory 'C:/Users/Hendra/AppData/Local/Temp/UnrealShaderWorkingDir/D068C0AC42FA7DC340C7A195DA75FA1B/'.
[2020.04.05-09.22.51:388][  0]LogXGEController: Cleaning working directory: C:/Users/Hendra/AppData/Local/Temp/UnrealXGEWorkingDir/
[2020.04.05-09.22.51:388][  0]LogShaderCompilers: Display: Using XGE Shader Compiler (Interception Interface).
[2020.04.05-09.22.53:115][  0]LogDerivedDataCache: Display: Max Cache Size: 512 MB
[2020.04.05-09.22.54:075][  0]LogDerivedDataCache: Loaded boot cache 0.96s 78MB C:/Users/Hendra/AppData/Local/UnrealEngine/4.24/DerivedDataCache/Boot.ddc.
[2020.04.05-09.22.54:075][  0]LogDerivedDataCache: Display: Loaded Boot cache: C:/Users/Hendra/AppData/Local/UnrealEngine/4.24/DerivedDataCache/Boot.ddc
[2020.04.05-09.22.54:075][  0]LogDerivedDataCache: FDerivedDataBackendGraph:  Pak pak cache file ../../../../../Test/Love_Bomb/DerivedDataCache/DDC.ddp not found, will not use a pak cache.
[2020.04.05-09.22.54:075][  0]LogDerivedDataCache: Unable to find inner node Pak for hierarchical cache Hierarchy.
[2020.04.05-09.22.54:075][  0]LogDerivedDataCache: FDerivedDataBackendGraph:  CompressedPak pak cache file ../../../../../Test/Love_Bomb/DerivedDataCache/Compressed.ddp not found, will not use a pak cache.
[2020.04.05-09.22.54:075][  0]LogDerivedDataCache: Unable to find inner node CompressedPak for hierarchical cache Hierarchy.
[2020.04.05-09.22.54:108][  0]LogDerivedDataCache: Display: Pak cache opened for reading ../../../Engine/DerivedDataCache/Compressed.ddp.
[2020.04.05-09.22.54:109][  0]LogDerivedDataCache: FDerivedDataBackendGraph:  EnterprisePak pak cache file ../../../Enterprise/DerivedDataCache/Compressed.ddp not found, will not use a pak cache.
[2020.04.05-09.22.54:109][  0]LogDerivedDataCache: Unable to find inner node EnterprisePak for hierarchical cache Hierarchy.
[2020.04.05-09.22.54:129][  0]LogDerivedDataCache: Using Local data cache path C:/Users/Hendra/AppData/Local/UnrealEngine/Common/DerivedDataCache: Writable
[2020.04.05-09.22.54:129][  0]LogDerivedDataCache: Shared data cache path not found in *engine.ini, will not use an Shared cache.
[2020.04.05-09.22.54:129][  0]LogDerivedDataCache: Unable to find inner node Shared for hierarchical cache Hierarchy.
[2020.04.05-09.22.54:153][  0]LogMaterial: Verifying Global Shaders for PCD3D_SM5
[2020.04.05-09.22.54:155][  0]LogSlate: Using FreeType 2.10.0
[2020.04.05-09.22.54:253][  0]LogSlate: SlateFontServices - WITH_FREETYPE: 1, WITH_HARFBUZZ: 1
[2020.04.05-09.22.55:032][  0]LogAssetRegistry: FAssetRegistry took 0.0026 seconds to start up
[2020.04.05-09.22.55:729][  0]LogInit: Selected Device Profile: [Windows]
[2020.04.05-09.22.57:044][  0]LogMeshReduction: Using QuadricMeshReduction for automatic static mesh reduction
[2020.04.05-09.22.57:044][  0]LogMeshReduction: Using SimplygonMeshReduction for automatic skeletal mesh reduction
[2020.04.05-09.22.57:044][  0]LogMeshReduction: Using ProxyLODMeshReduction for automatic mesh merging
[2020.04.05-09.22.57:044][  0]LogMeshReduction: No distributed automatic mesh merging module available
[2020.04.05-09.22.57:044][  0]LogMeshMerging: No distributed automatic mesh merging module available
[2020.04.05-09.22.57:206][  0]LogNetVersion: Love_Bomb 1.0.0, NetCL: 10570792, EngineNetVer: 13, GameNetVer: 0 (Checksum: 2600110546)
[2020.04.05-09.23.06:035][  0]LogPackageLocalizationCache: Processed 10 localized package path(s) for 1 prioritized culture(s) in 0.086933 seconds
[2020.04.05-09.23.06:042][  0]LogUObjectArray: 46750 objects as part of root set at end of initial load.
[2020.04.05-09.23.06:042][  0]LogUObjectAllocator: 8137160 out of 0 bytes used by permanent object pool.
[2020.04.05-09.23.06:042][  0]LogUObjectArray: CloseDisregardForGC: 0/0 objects in disregard for GC pool
[2020.04.05-09.23.08:680][  0]LogTcpMessaging: Initializing TcpMessaging bridge
[2020.04.05-09.23.08:703][  0]LogUdpMessaging: Initializing bridge on interface 0.0.0.0:0 to multicast group 230.0.0.1:6666.
[2020.04.05-09.23.09:143][  0]SourceControl: Source control is disabled
[2020.04.05-09.23.10:689][  0]LogAndroidPermission: UAndroidPermissionCallbackProxy::GetInstance
[2020.04.05-09.23.10:769][  0]LogAudioCaptureCore: Display: No Audio Capture implementations found. Audio input will be silent.
[2020.04.05-09.23.10:769][  0]LogAudioCaptureCore: Display: No Audio Capture implementations found. Audio input will be silent.
[2020.04.05-09.23.11:483][  0]LogOcInput: OculusInput pre-init called
[2020.04.05-09.23.11:523][  0]LogWindows: Failed to load 'OVRPlugin.dll' (GetLastError=126)
[2020.04.05-09.23.11:523][  0]LogWindows: File 'OVRPlugin.dll' does not exist
[2020.04.05-09.23.11:755][  0]LogEngine: Initializing Engine...
[2020.04.05-09.23.11:755][  0]LogHMD: Failed to initialize OpenVR with code 110
[2020.04.05-09.23.11:756][  0]LogStats: UGameplayTagsManager::InitializeManager -  0.000 s
[2020.04.05-09.23.12:388][  0]LogInit: Initializing FReadOnlyCVARCache
[2020.04.05-09.23.12:432][  0]LogAIModule: Creating AISystem for world Untitled
[2020.04.05-09.23.12:449][  0]LogAudioMixer: Display: Audio Mixer Platform Settings:
[2020.04.05-09.23.12:449][  0]LogAudioMixer: Display: 	Sample Rate:						  48000
[2020.04.05-09.23.12:449][  0]LogAudioMixer: Display: 	Callback Buffer Frame Size Requested: 1024
[2020.04.05-09.23.12:449][  0]LogAudioMixer: Display: 	Callback Buffer Frame Size To Use:	  1024
[2020.04.05-09.23.12:449][  0]LogAudioMixer: Display: 	Number of buffers to queue:			  2
[2020.04.05-09.23.12:449][  0]LogAudioMixer: Display: 	Max Channels (voices):				  32
[2020.04.05-09.23.12:449][  0]LogAudioMixer: Display: 	Number of Async Source Workers:		  0
[2020.04.05-09.23.12:449][  0]LogAudio: Display: AudioDevice MaxSources: 32
[2020.04.05-09.23.12:449][  0]LogAudio: Display: Using built-in audio occlusion.
[2020.04.05-09.23.12:449][  0]LogAudioMixer: Display: Initializing audio mixer.
[2020.04.05-09.23.12:460][  0]LogAudioMixer: Display: Audio Device Output Speaker Info:
[2020.04.05-09.23.12:461][  0]LogAudioMixer: Display: Name: Speakers (Realtek(R) Audio)
[2020.04.05-09.23.12:461][  0]LogAudioMixer: Display: Is Default: Yes
[2020.04.05-09.23.12:461][  0]LogAudioMixer: Display: Sample Rate: 48000
[2020.04.05-09.23.12:461][  0]LogAudioMixer: Display: Channel Count Used: 2
[2020.04.05-09.23.12:461][  0]LogAudioMixer: Display: Device Channel Count: 2
[2020.04.05-09.23.12:461][  0]LogAudioMixer: Display: Channel Order:
[2020.04.05-09.23.12:461][  0]LogAudioMixer: Display: 0: FrontLeft
[2020.04.05-09.23.12:461][  0]LogAudioMixer: Display: 1: FrontRight
[2020.04.05-09.23.12:516][  0]LogAudioMixer: Display: Using Audio Device Speakers (Realtek(R) Audio)
[2020.04.05-09.23.12:518][  0]LogInit: FAudioDevice initialized.
[2020.04.05-09.23.12:518][  0]LogNetVersion: Set ProjectVersion to 1.0.0.0. Version Checksum will be recalculated on next use.
[2020.04.05-09.23.12:676][  0]LogDerivedDataCache: Saved boot cache 0.16s 78MB C:/Users/Hendra/AppData/Local/UnrealEngine/4.24/DerivedDataCache/Boot.ddc.
[2020.04.05-09.23.12:679][  0]LogInit: Texture streaming: Enabled
[2020.04.05-09.23.12:897][  0]LogEngineSessionManager: EngineSessionManager initialized
[2020.04.05-09.23.12:897][  0]LogEditorSessionSummary: Verbose: Initializing EditorSessionSummaryWriter for editor session tracking
[2020.04.05-09.23.12:898][  0]LogEditorSessionSummary: EditorSessionSummaryWriter initialized
[2020.04.05-09.23.13:131][  0]LogInit: Transaction tracking system initialized
[2020.04.05-09.23.13:704][  0]BlueprintLog: New page: Editor Load
[2020.04.05-09.23.14:261][  0]LocalizationService: Localization service is disabled
[2020.04.05-09.23.16:959][  0]LogFileCache: Scanning file cache for directory 'D:/Test/Love_Bomb/Content/' took 0.00s
[2020.04.05-09.23.16:959][  0]LogCook: Display: Max memory allowance for cook 16384mb min free memory 0mb
[2020.04.05-09.23.16:959][  0]LogCook: Display: Mobile HDR setting 1
[2020.04.05-09.23.20:476][  0]Cmd: MAP LOAD FILE="../../../../../Test/Love_Bomb/Content/FirstPersonBP/Maps/FirstPersonExampleMap.umap" TEMPLATE=0 SHOWPROGRESS=1 FEATURELEVEL=3
[2020.04.05-09.23.20:476][  0]LightingResults: New page: Lighting Build
[2020.04.05-09.23.20:504][  0]LogWorld: UWorld::CleanupWorld for Untitled, bSessionEnded=true, bCleanupResources=true
[2020.04.05-09.23.20:504][  0]LogSlate: InvalidateAllWidgets triggered.  All widgets were invalidated
[2020.04.05-09.23.20:504][  0]MapCheck: New page: Map Check
[2020.04.05-09.23.20:504][  0]LightingResults: New page: Lighting Build
[2020.04.05-09.23.20:529][  0]LogUObjectHash: Compacting FUObjectHashTables data took   1.50ms
[2020.04.05-09.23.22:967][  0]LogBlueprint: Warning: [Compiler BP_GameController] Input pin  Method  specifying non-default value no longer exists on node  Set members in PostProcessSettings . Please refresh node or reset pin to default value to remove pin.
[2020.04.05-09.23.24:610][  0]LogBlueprint: Warning: [Compiler BP_Master_CollectableFlashlight_Inspect] Input pin  Method  specifying non-default value no longer exists on node  Make PostProcessSettings . Please refresh node or reset pin to default value to remove pin.
[2020.04.05-09.23.33:565][  0]LogStaticMesh: Building static mesh Room_pCube2...
[2020.04.05-09.23.33:599][  0]LogStaticMesh: Built static mesh [0.07s] /Game/Props/Room/Room_pCube2.Room_pCube2
[2020.04.05-09.23.38:301][  0]LogMaterial: Display: Missing cached shader map for material blinn5, compiling. 
[2020.04.05-09.23.38:302][  0]LogMaterial: Warning: D:\Test\Love_Bomb\Content\Props\Room\blinn5.uasset: Failed to compile Material for platform PCD3D_SM5, Default Material will be used in game.
[2020.04.05-09.23.38:302][  0]LogMaterial: Display: 	(Node TextureSample) TextureSample> Sampler type is Normal, should be Color for /Game/Props/Room/Door_Trial2.Door_Trial2
[2020.04.05-09.23.41:249][  0]LogAIModule: Creating AISystem for world FirstPersonExampleMap
[2020.04.05-09.23.43:113][  0]LogStreaming: Display: ULevelStreaming::RequestLevel(/Game/StoryAdvTemplate/Maps/MenuScene) is flushing async loading
[2020.04.05-09.23.43:113][  0]LogStreaming: Display: Flushing async loaders.
[2020.04.05-09.23.43:622][  0]LogEditorServer: Finished looking for orphan Actors (0.000 secs)
[2020.04.05-09.23.43:666][  0]LogUObjectHash: Compacting FUObjectHashTables data took   3.04ms
[2020.04.05-09.23.43:667][  0]Cmd: MAP CHECKDEP NOCLEARLOG
[2020.04.05-09.23.43:668][  0]MapCheck: Map check complete: 0 Error(s), 0 Warning(s), took 0.119ms to complete.
[2020.04.05-09.23.43:668][  0]LogFileHelpers: Loading map 'FirstPersonExampleMap' took 23.192
[2020.04.05-09.23.44:742][  0]LogSlate: Updating window title bar state: overlay mode, drag disabled, window buttons hidden, title bar hidden
[2020.04.05-09.23.44:756][  0]LogSlate: Updating window title bar state: overlay mode, drag disabled, window buttons hidden, title bar hidden
[2020.04.05-09.23.44:765][  0]LogSlate: Updating window title bar state: overlay mode, drag disabled, window buttons hidden, title bar hidden
[2020.04.05-09.23.44:778][  0]LogSlate: Updating window title bar state: overlay mode, drag disabled, window buttons hidden, title bar hidden
[2020.04.05-09.23.45:160][  0]LogCollectionManager: Loaded 0 collections in 0.000891 seconds
[2020.04.05-09.23.45:300][  0]LogFileCache: Scanning file cache for directory 'D:/Test/Love_Bomb/Saved/Collections/' took 0.00s
[2020.04.05-09.23.45:300][  0]LogFileCache: Scanning file cache for directory 'D:/Test/Love_Bomb/Content/Developers/Hendra/Collections/' took 0.00s
[2020.04.05-09.23.45:300][  0]LogFileCache: Scanning file cache for directory 'D:/Test/Love_Bomb/Content/Collections/' took 0.00s
[2020.04.05-09.23.45:300][  0]LogContentBrowser: Native class hierarchy populated in 0.0080 seconds. Added 3015 classes and 717 folders.
[2020.04.05-09.23.45:495][  0]LogContentBrowser: Native class hierarchy updated for 'WidgetCarousel' in 0.0002 seconds. Added 0 classes and 0 folders.
[2020.04.05-09.23.48:490][  0]LogContentBrowser: Native class hierarchy updated for 'AddContentDialog' in 0.0002 seconds. Added 0 classes and 0 folders.
[2020.04.05-09.23.48:747][  0]LogContentBrowser: Native class hierarchy updated for 'SceneOutliner' in 0.0004 seconds. Added 2 classes and 3 folders.
[2020.04.05-09.23.49:083][  0]LogSlate: Took 0.036868 seconds to synchronously load lazily loaded font '../../../Engine/Content/Slate/Fonts/Roboto-Regular.ttf' (155K)
[2020.04.05-09.23.49:149][  0]LogSlate: Took 0.064899 seconds to synchronously load lazily loaded font '../../../Engine/Content/Slate/Fonts/Roboto-Bold.ttf' (160K)
[2020.04.05-09.23.49:206][  0]LogSlate: Took 0.050982 seconds to synchronously load lazily loaded font '../../../Engine/Content/Editor/Slate/Fonts/FontAwesome.ttf' (139K)
[2020.04.05-09.23.49:469][  0]LogRenderer: Reallocating scene render targets to support 908x468 Format 10 NumSamples 1 (Frame:1).
[2020.04.05-09.23.49:713][  0]LogContentBrowser: Native class hierarchy updated for 'HierarchicalLODOutliner' in 0.0003 seconds. Added 0 classes and 0 folders.
[2020.04.05-09.23.49:713][  0]LogLoad: (Engine Initialization) Total time: 88.28 seconds
[2020.04.05-09.23.49:713][  0]LogLoad: (Engine Initialization) Total Blueprint compile time: 0.00 seconds
[2020.04.05-09.23.49:787][  0]LogContentStreaming: Texture pool size now 1000 MB
[2020.04.05-09.23.49:901][  0]LogSlate: Took 0.065168 seconds to synchronously load lazily loaded font '../../../Engine/Content/Slate/Fonts/Roboto-Light.ttf' (167K)
[2020.04.05-09.23.52:855][ 40]LogAssetRegistry: Asset discovery search completed in 57.8239 seconds
[2020.04.05-09.23.52:858][ 40]LogCollectionManager: Fixed up redirectors for 0 collections in 0.000008 seconds (updated 0 objects)
[2020.04.05-09.23.58:694][234]LogUObjectHash: Compacting FUObjectHashTables data took   0.74ms
[2020.04.05-09.24.00:752][358]LogTemp: Repeating last play command: Selected Viewport
[2020.04.05-09.24.00:764][358]LogBlueprintUserMessages: Early PlayInEditor Detection: Level '/Game/FirstPersonBP/Maps/FirstPersonExampleMap.FirstPersonExampleMap:PersistentLevel' has LevelScriptBlueprint '/Game/FirstPersonBP/Maps/FirstPersonExampleMap.FirstPersonExampleMap:PersistentLevel.FirstPersonExampleMap' with GeneratedClass '/Game/FirstPersonBP/Maps/FirstPersonExampleMap.FirstPersonExampleMap_C' with ClassGeneratedBy '/Game/FirstPersonBP/Maps/FirstPersonExampleMap.FirstPersonExampleMap:PersistentLevel.FirstPersonExampleMap'
[2020.04.05-09.24.00:764][358]LogBlueprintUserMessages: Early PlayInEditor Detection: Level '/Game/StoryAdvTemplate/Maps/MenuScene.MenuScene:PersistentLevel' has LevelScriptBlueprint '/Game/StoryAdvTemplate/Maps/MenuScene.MenuScene:PersistentLevel.MenuScene' with GeneratedClass '/Game/StoryAdvTemplate/Maps/MenuScene.MenuScene_C' with ClassGeneratedBy '/Game/StoryAdvTemplate/Maps/MenuScene.MenuScene:PersistentLevel.MenuScene'
[2020.04.05-09.24.00:764][358]LogPlayLevel: PlayLevel: No blueprints needed recompiling
[2020.04.05-09.24.00:765][358]PIE: New page: PIE session: FirstPersonExampleMap (Apr 5, 2020, 11:24:00 PM)
[2020.04.05-09.24.00:766][358]LogOnline: OSS: Creating online subsystem instance for: NULL
[2020.04.05-09.24.00:767][358]LogOnline: OSS: TryLoadSubsystemAndSetDefault: Loaded subsystem for module [NULL]
[2020.04.05-09.24.00:767][358]LogPlayLevel: Creating play world package: /Game/FirstPersonBP/Maps/UEDPIE_0_FirstPersonExampleMap
[2020.04.05-09.24.00:822][358]LogPlayLevel: PIE: StaticDuplicateObject took: (0.054543s)
[2020.04.05-09.24.00:823][358]LogAIModule: Creating AISystem for world FirstPersonExampleMap
[2020.04.05-09.24.00:823][358]LogPlayLevel: PIE: World Init took: (0.001774s)
[2020.04.05-09.24.00:824][358]LogPlayLevel: PIE: Created PIE world by copying editor world from /Game/FirstPersonBP/Maps/FirstPersonExampleMap.FirstPersonExampleMap to /Game/FirstPersonBP/Maps/UEDPIE_0_FirstPersonExampleMap.FirstPersonExampleMap (0.056644s)
[2020.04.05-09.24.00:851][358]LogUObjectHash: Compacting FUObjectHashTables data took   1.53ms
[2020.04.05-09.24.00:852][358]LogAudioMixer: Display: Audio Mixer Platform Settings:
[2020.04.05-09.24.00:852][358]LogAudioMixer: Display: 	Sample Rate:						  48000
[2020.04.05-09.24.00:852][358]LogAudioMixer: Display: 	Callback Buffer Frame Size Requested: 1024
[2020.04.05-09.24.00:852][358]LogAudioMixer: Display: 	Callback Buffer Frame Size To Use:	  1024
[2020.04.05-09.24.00:852][358]LogAudioMixer: Display: 	Number of buffers to queue:			  2
[2020.04.05-09.24.00:852][358]LogAudioMixer: Display: 	Max Channels (voices):				  32
[2020.04.05-09.24.00:852][358]LogAudioMixer: Display: 	Number of Async Source Workers:		  0
[2020.04.05-09.24.00:852][358]LogAudio: Display: AudioDevice MaxSources: 32
[2020.04.05-09.24.00:853][358]LogAudio: Display: Using built-in audio occlusion.
[2020.04.05-09.24.00:853][358]LogAudioMixer: Display: Initializing audio mixer.
[2020.04.05-09.24.00:857][358]LogAudioMixer: Display: Audio Device Output Speaker Info:
[2020.04.05-09.24.00:857][358]LogAudioMixer: Display: Name: Speakers (Realtek(R) Audio)
[2020.04.05-09.24.00:857][358]LogAudioMixer: Display: Is Default: Yes
[2020.04.05-09.24.00:857][358]LogAudioMixer: Display: Sample Rate: 48000
[2020.04.05-09.24.00:857][358]LogAudioMixer: Display: Channel Count Used: 2
[2020.04.05-09.24.00:857][358]LogAudioMixer: Display: Device Channel Count: 2
[2020.04.05-09.24.00:857][358]LogAudioMixer: Display: Channel Order:
[2020.04.05-09.24.00:857][358]LogAudioMixer: Display: 0: FrontLeft
[2020.04.05-09.24.00:858][358]LogAudioMixer: Display: 1: FrontRight
[2020.04.05-09.24.00:863][358]LogAudioMixer: Display: Using Audio Device Speakers (Realtek(R) Audio)
[2020.04.05-09.24.00:865][358]LogInit: FAudioDevice initialized.
[2020.04.05-09.24.00:872][358]LogLoad: Game class is 'BP_StoryAdventureGameMode_C'
[2020.04.05-09.24.00:875][358]LogWorld: Bringing World /Game/FirstPersonBP/Maps/UEDPIE_0_FirstPersonExampleMap.FirstPersonExampleMap up for play (max tick rate 60) at 2020.04.05-16.24.00
[2020.04.05-09.24.00:875][358]LogWorld: Bringing up level for play took: 0.002123
[2020.04.05-09.24.00:876][358]LogOnline: OSS: Creating online subsystem instance for: :Context_1
[2020.04.05-09.24.00:906][358]LogContentBrowser: Native class hierarchy updated for 'MovieSceneCapture' in 0.0005 seconds. Added 20 classes and 0 folders.
[2020.04.05-09.24.00:911][358]PIE: Play in editor start time for /Game/FirstPersonBP/Maps/UEDPIE_0_FirstPersonExampleMap -0.122
[2020.04.05-09.24.00:911][358]LogBlueprintUserMessages: Late PlayInEditor Detection: Level '/Game/FirstPersonBP/Maps/FirstPersonExampleMap.FirstPersonExampleMap:PersistentLevel' has LevelScriptBlueprint '/Game/FirstPersonBP/Maps/FirstPersonExampleMap.FirstPersonExampleMap:PersistentLevel.FirstPersonExampleMap' with GeneratedClass '/Game/FirstPersonBP/Maps/FirstPersonExampleMap.FirstPersonExampleMap_C' with ClassGeneratedBy '/Game/FirstPersonBP/Maps/FirstPersonExampleMap.FirstPersonExampleMap:PersistentLevel.FirstPersonExampleMap'
[2020.04.05-09.24.00:911][358]LogBlueprintUserMessages: Late PlayInEditor Detection: Level '/Game/StoryAdvTemplate/Maps/MenuScene.MenuScene:PersistentLevel' has LevelScriptBlueprint '/Game/StoryAdvTemplate/Maps/MenuScene.MenuScene:PersistentLevel.MenuScene' with GeneratedClass '/Game/StoryAdvTemplate/Maps/MenuScene.MenuScene_C' with ClassGeneratedBy '/Game/StoryAdvTemplate/Maps/MenuScene.MenuScene:PersistentLevel.MenuScene'
[2020.04.05-09.24.09:004][830]LogSlate: WidgetSwitcher ('None') active index changed to 2
[2020.04.05-09.24.10:472][918]LogSlate: WidgetSwitcher ('None') active index changed to 0
[2020.04.05-09.24.45:986][985]LogAudioMixer: Display: No commands were queued while flushing the source manager.
[2020.04.05-09.24.46:006][985]LogAudioMixer: Display: Flush succeeded in the source manager command queue (1).
[2020.04.05-09.24.46:025][985]LogAudioMixer: Display: Flush succeeded the source manager command queue (2).
[2020.04.05-09.24.46:026][985]LogBlueprintUserMessages: Early EndPlayMap Detection: Level '/Game/FirstPersonBP/Maps/FirstPersonExampleMap.FirstPersonExampleMap:PersistentLevel' has LevelScriptBlueprint '/Game/FirstPersonBP/Maps/FirstPersonExampleMap.FirstPersonExampleMap:PersistentLevel.FirstPersonExampleMap' with GeneratedClass '/Game/FirstPersonBP/Maps/FirstPersonExampleMap.FirstPersonExampleMap_C' with ClassGeneratedBy '/Game/FirstPersonBP/Maps/FirstPersonExampleMap.FirstPersonExampleMap:PersistentLevel.FirstPersonExampleMap'
[2020.04.05-09.24.46:026][985]LogBlueprintUserMessages: Early EndPlayMap Detection: Level '/Game/StoryAdvTemplate/Maps/MenuScene.MenuScene:PersistentLevel' has LevelScriptBlueprint '/Game/StoryAdvTemplate/Maps/MenuScene.MenuScene:PersistentLevel.MenuScene' with GeneratedClass '/Game/StoryAdvTemplate/Maps/MenuScene.MenuScene_C' with ClassGeneratedBy '/Game/StoryAdvTemplate/Maps/MenuScene.MenuScene:PersistentLevel.MenuScene'
[2020.04.05-09.24.46:026][985]LogSlate: Updating window title bar state: overlay mode, drag disabled, window buttons hidden, title bar hidden
[2020.04.05-09.24.46:026][985]LogWorld: BeginTearingDown for /Game/FirstPersonBP/Maps/UEDPIE_0_FirstPersonExampleMap
[2020.04.05-09.24.46:026][985]LogAudioMixer: Display: No commands were queued while flushing the source manager.
[2020.04.05-09.24.46:026][985]LogWorld: UWorld::CleanupWorld for FirstPersonExampleMap, bSessionEnded=true, bCleanupResources=true
[2020.04.05-09.24.46:027][985]LogSlate: InvalidateAllWidgets triggered.  All widgets were invalidated
[2020.04.05-09.24.46:035][985]LogPlayLevel: Display: Shutting down PIE online subsystems
[2020.04.05-09.24.46:036][985]LogBlueprintUserMessages: Late EndPlayMap Detection: Level '/Game/FirstPersonBP/Maps/FirstPersonExampleMap.FirstPersonExampleMap:PersistentLevel' has LevelScriptBlueprint '/Game/FirstPersonBP/Maps/FirstPersonExampleMap.FirstPersonExampleMap:PersistentLevel.FirstPersonExampleMap' with GeneratedClass '/Game/FirstPersonBP/Maps/FirstPersonExampleMap.FirstPersonExampleMap_C' with ClassGeneratedBy '/Game/FirstPersonBP/Maps/FirstPersonExampleMap.FirstPersonExampleMap:PersistentLevel.FirstPersonExampleMap'
[2020.04.05-09.24.46:036][985]LogBlueprintUserMessages: Late EndPlayMap Detection: Level '/Game/StoryAdvTemplate/Maps/MenuScene.MenuScene:PersistentLevel' has LevelScriptBlueprint '/Game/StoryAdvTemplate/Maps/MenuScene.MenuScene:PersistentLevel.MenuScene' with GeneratedClass '/Game/StoryAdvTemplate/Maps/MenuScene.MenuScene_C' with ClassGeneratedBy '/Game/StoryAdvTemplate/Maps/MenuScene.MenuScene:PersistentLevel.MenuScene'
[2020.04.05-09.24.46:040][985]LogSlate: InvalidateAllWidgets triggered.  All widgets were invalidated
[2020.04.05-09.24.46:062][985]LogAudioMixer: Display: No commands were queued while flushing the source manager.
[2020.04.05-09.24.46:065][985]LogSlate: Updating window title bar state: overlay mode, drag disabled, window buttons hidden, title bar hidden
[2020.04.05-09.24.46:071][985]LogUObjectHash: Compacting FUObjectHashTables data took   3.06ms
[2020.04.05-09.24.46:090][986]LogPlayLevel: Display: Destroying online subsystem :Context_1
[2020.04.05-09.27.42:907][257]SourceControl: fatal: D:/Epic Games/UE_4.24/Engine/Content: 'D:/Epic Games/UE_4.24/Engine/Content' is outside repository
[2020.04.05-09.30.47:572][257]LogSlate: Window 'Submit Files' being destroyed
[2020.04.05-09.30.58:298][898]LogTemp: Repeating last play command: Selected Viewport
[2020.04.05-09.30.58:309][898]LogBlueprintUserMessages: Early PlayInEditor Detection: Level '/Game/FirstPersonBP/Maps/FirstPersonExampleMap.FirstPersonExampleMap:PersistentLevel' has LevelScriptBlueprint '/Game/FirstPersonBP/Maps/FirstPersonExampleMap.FirstPersonExampleMap:PersistentLevel.FirstPersonExampleMap' with GeneratedClass '/Game/FirstPersonBP/Maps/FirstPersonExampleMap.FirstPersonExampleMap_C' with ClassGeneratedBy '/Game/FirstPersonBP/Maps/FirstPersonExampleMap.FirstPersonExampleMap:PersistentLevel.FirstPersonExampleMap'
[2020.04.05-09.30.58:309][898]LogBlueprintUserMessages: Early PlayInEditor Detection: Level '/Game/StoryAdvTemplate/Maps/MenuScene.MenuScene:PersistentLevel' has LevelScriptBlueprint '/Game/StoryAdvTemplate/Maps/MenuScene.MenuScene:PersistentLevel.MenuScene' with GeneratedClass '/Game/StoryAdvTemplate/Maps/MenuScene.MenuScene_C' with ClassGeneratedBy '/Game/StoryAdvTemplate/Maps/MenuScene.MenuScene:PersistentLevel.MenuScene'
[2020.04.05-09.30.58:309][898]LogPlayLevel: PlayLevel: No blueprints needed recompiling
[2020.04.05-09.30.58:310][898]PIE: New page: PIE session: FirstPersonExampleMap (Apr 5, 2020, 11:30:58 PM)
[2020.04.05-09.30.58:310][898]LogPlayLevel: Creating play world package: /Game/FirstPersonBP/Maps/UEDPIE_0_FirstPersonExampleMap
[2020.04.05-09.30.58:364][898]LogPlayLevel: PIE: StaticDuplicateObject took: (0.053843s)
[2020.04.05-09.30.58:365][898]LogAIModule: Creating AISystem for world FirstPersonExampleMap
[2020.04.05-09.30.58:365][898]LogPlayLevel: PIE: World Init took: (0.001415s)
[2020.04.05-09.30.58:365][898]LogPlayLevel: PIE: Created PIE world by copying editor world from /Game/FirstPersonBP/Maps/FirstPersonExampleMap.FirstPersonExampleMap to /Game/FirstPersonBP/Maps/UEDPIE_0_FirstPersonExampleMap.FirstPersonExampleMap (0.055452s)
[2020.04.05-09.30.58:393][898]LogUObjectHash: Compacting FUObjectHashTables data took   1.79ms
[2020.04.05-09.30.58:395][898]LogAudioMixer: Display: Audio Mixer Platform Settings:
[2020.04.05-09.30.58:395][898]LogAudioMixer: Display: 	Sample Rate:						  48000
[2020.04.05-09.30.58:395][898]LogAudioMixer: Display: 	Callback Buffer Frame Size Requested: 1024
[2020.04.05-09.30.58:395][898]LogAudioMixer: Display: 	Callback Buffer Frame Size To Use:	  1024
[2020.04.05-09.30.58:395][898]LogAudioMixer: Display: 	Number of buffers to queue:			  2
[2020.04.05-09.30.58:395][898]LogAudioMixer: Display: 	Max Channels (voices):				  32
[2020.04.05-09.30.58:395][898]LogAudioMixer: Display: 	Number of Async Source Workers:		  0
[2020.04.05-09.30.58:395][898]LogAudio: Display: AudioDevice MaxSources: 32
[2020.04.05-09.30.58:395][898]LogAudio: Display: Using built-in audio occlusion.
[2020.04.05-09.30.58:395][898]LogAudioMixer: Display: Initializing audio mixer.
[2020.04.05-09.30.58:400][898]LogAudioMixer: Display: Audio Device Output Speaker Info:
[2020.04.05-09.30.58:400][898]LogAudioMixer: Display: Name: Speakers (Realtek(R) Audio)
[2020.04.05-09.30.58:400][898]LogAudioMixer: Display: Is Default: Yes
[2020.04.05-09.30.58:400][898]LogAudioMixer: Display: Sample Rate: 48000
[2020.04.05-09.30.58:400][898]LogAudioMixer: Display: Channel Count Used: 2
[2020.04.05-09.30.58:400][898]LogAudioMixer: Display: Device Channel Count: 2
[2020.04.05-09.30.58:400][898]LogAudioMixer: Display: Channel Order:
[2020.04.05-09.30.58:400][898]LogAudioMixer: Display: 0: FrontLeft
[2020.04.05-09.30.58:400][898]LogAudioMixer: Display: 1: FrontRight
[2020.04.05-09.30.58:406][898]LogAudioMixer: Display: Using Audio Device Speakers (Realtek(R) Audio)
[2020.04.05-09.30.58:408][898]LogInit: FAudioDevice initialized.
[2020.04.05-09.30.58:418][898]LogLoad: Game class is 'BP_StoryAdventureGameMode_C'
[2020.04.05-09.30.58:422][898]LogWorld: Bringing World /Game/FirstPersonBP/Maps/UEDPIE_0_FirstPersonExampleMap.FirstPersonExampleMap up for play (max tick rate 60) at 2020.04.05-16.30.58
[2020.04.05-09.30.58:422][898]LogWorld: Bringing up level for play took: 0.002647
[2020.04.05-09.30.58:423][898]LogOnline: OSS: Creating online subsystem instance for: :Context_2
[2020.04.05-09.30.58:428][898]PIE: Play in editor start time for /Game/FirstPersonBP/Maps/UEDPIE_0_FirstPersonExampleMap -0.604
[2020.04.05-09.30.58:428][898]LogBlueprintUserMessages: Late PlayInEditor Detection: Level '/Game/FirstPersonBP/Maps/FirstPersonExampleMap.FirstPersonExampleMap:PersistentLevel' has LevelScriptBlueprint '/Game/FirstPersonBP/Maps/FirstPersonExampleMap.FirstPersonExampleMap:PersistentLevel.FirstPersonExampleMap' with GeneratedClass '/Game/FirstPersonBP/Maps/FirstPersonExampleMap.FirstPersonExampleMap_C' with ClassGeneratedBy '/Game/FirstPersonBP/Maps/FirstPersonExampleMap.FirstPersonExampleMap:PersistentLevel.FirstPersonExampleMap'
[2020.04.05-09.30.58:428][898]LogBlueprintUserMessages: Late PlayInEditor Detection: Level '/Game/StoryAdvTemplate/Maps/MenuScene.MenuScene:PersistentLevel' has LevelScriptBlueprint '/Game/StoryAdvTemplate/Maps/MenuScene.MenuScene:PersistentLevel.MenuScene' with GeneratedClass '/Game/StoryAdvTemplate/Maps/MenuScene.MenuScene_C' with ClassGeneratedBy '/Game/StoryAdvTemplate/Maps/MenuScene.MenuScene:PersistentLevel.MenuScene'
[2020.04.05-09.31.23:046][346]LogAudioMixer: Display: No commands were queued while flushing the source manager.
[2020.04.05-09.31.23:077][346]LogAudioMixer: Display: Flush succeeded in the source manager command queue (1).
[2020.04.05-09.31.23:097][346]LogAudioMixer: Display: Flush succeeded the source manager command queue (2).
[2020.04.05-09.31.23:097][346]LogBlueprintUserMessages: Early EndPlayMap Detection: Level '/Game/FirstPersonBP/Maps/FirstPersonExampleMap.FirstPersonExampleMap:PersistentLevel' has LevelScriptBlueprint '/Game/FirstPersonBP/Maps/FirstPersonExampleMap.FirstPersonExampleMap:PersistentLevel.FirstPersonExampleMap' with GeneratedClass '/Game/FirstPersonBP/Maps/FirstPersonExampleMap.FirstPersonExampleMap_C' with ClassGeneratedBy '/Game/FirstPersonBP/Maps/FirstPersonExampleMap.FirstPersonExampleMap:PersistentLevel.FirstPersonExampleMap'
[2020.04.05-09.31.23:097][346]LogBlueprintUserMessages: Early EndPlayMap Detection: Level '/Game/StoryAdvTemplate/Maps/MenuScene.MenuScene:PersistentLevel' has LevelScriptBlueprint '/Game/StoryAdvTemplate/Maps/MenuScene.MenuScene:PersistentLevel.MenuScene' with GeneratedClass '/Game/StoryAdvTemplate/Maps/MenuScene.MenuScene_C' with ClassGeneratedBy '/Game/StoryAdvTemplate/Maps/MenuScene.MenuScene:PersistentLevel.MenuScene'
[2020.04.05-09.31.23:097][346]LogSlate: Updating window title bar state: overlay mode, drag disabled, window buttons hidden, title bar hidden
[2020.04.05-09.31.23:097][346]LogWorld: BeginTearingDown for /Game/FirstPersonBP/Maps/UEDPIE_0_FirstPersonExampleMap
[2020.04.05-09.31.23:097][346]LogAudioMixer: Display: No commands were queued while flushing the source manager.
[2020.04.05-09.31.23:097][346]LogWorld: UWorld::CleanupWorld for FirstPersonExampleMap, bSessionEnded=true, bCleanupResources=true
[2020.04.05-09.31.23:098][346]LogSlate: InvalidateAllWidgets triggered.  All widgets were invalidated
[2020.04.05-09.31.23:114][346]LogPlayLevel: Display: Shutting down PIE online subsystems
[2020.04.05-09.31.23:114][346]LogBlueprintUserMessages: Late EndPlayMap Detection: Level '/Game/FirstPersonBP/Maps/FirstPersonExampleMap.FirstPersonExampleMap:PersistentLevel' has LevelScriptBlueprint '/Game/FirstPersonBP/Maps/FirstPersonExampleMap.FirstPersonExampleMap:PersistentLevel.FirstPersonExampleMap' with GeneratedClass '/Game/FirstPersonBP/Maps/FirstPersonExampleMap.FirstPersonExampleMap_C' with ClassGeneratedBy '/Game/FirstPersonBP/Maps/FirstPersonExampleMap.FirstPersonExampleMap:PersistentLevel.FirstPersonExampleMap'
[2020.04.05-09.31.23:114][346]LogBlueprintUserMessages: Late EndPlayMap Detection: Level '/Game/StoryAdvTemplate/Maps/MenuScene.MenuScene:PersistentLevel' has LevelScriptBlueprint '/Game/StoryAdvTemplate/Maps/MenuScene.MenuScene:PersistentLevel.MenuScene' with GeneratedClass '/Game/StoryAdvTemplate/Maps/MenuScene.MenuScene_C' with ClassGeneratedBy '/Game/StoryAdvTemplate/Maps/MenuScene.MenuScene:PersistentLevel.MenuScene'
[2020.04.05-09.31.23:117][346]LogSlate: InvalidateAllWidgets triggered.  All widgets were invalidated
[2020.04.05-09.31.23:140][346]LogAudioMixer: Display: No commands were queued while flushing the source manager.
[2020.04.05-09.31.23:143][346]LogSlate: Updating window title bar state: overlay mode, drag disabled, window buttons hidden, title bar hidden
[2020.04.05-09.31.23:147][346]LogUObjectHash: Compacting FUObjectHashTables data took   1.83ms
[2020.04.05-09.31.23:163][347]LogPlayLevel: Display: Destroying online subsystem :Context_2
[2020.04.05-09.31.52:939][  7]LogEditorViewport: Clicking on Actor (LMB): StaticMeshActor (Room_pPlane1)
